This file contains any messages produced by compilers while
running configure, to aid debugging if configure makes a mistake.

It was created by FlashR configure @VERSION@, which was
generated by GNU Autoconf 2.69.  Invocation command line was

  $ ./configure 

## --------- ##
## Platform. ##
## --------- ##

hostname = awesomer
uname -m = x86_64
uname -r = 3.13.0-62-generic
uname -s = Linux
uname -v = #102-Ubuntu SMP Tue Aug 11 14:29:36 UTC 2015

/usr/bin/uname -p = unknown
/bin/uname -X     = unknown

/bin/arch              = unknown
/usr/bin/arch -k       = unknown
/usr/convex/getsysinfo = unknown
/usr/bin/hostinfo      = unknown
/bin/machine           = unknown
/usr/bin/oslevel       = unknown
/bin/universe          = unknown

PATH: /home/zhengda/intel/bin/
PATH: /home/zhengda/anaconda2/bin
PATH: /usr/local/sbin
PATH: /usr/local/bin
PATH: /usr/sbin
PATH: /usr/bin
PATH: /sbin
PATH: /bin
PATH: /usr/games
PATH: /usr/local/games


## ----------- ##
## Core tests. ##
## ----------- ##

configure:2212: checking for gcc
configure:2239: result: gcc -std=gnu99
configure:2468: checking for C compiler version
configure:2477: gcc -std=gnu99 --version >&5
gcc (Ubuntu 4.8.4-2ubuntu1~14.04.3) 4.8.4
Copyright (C) 2013 Free Software Foundation, Inc.
This is free software; see the source for copying conditions.  There is NO
warranty; not even for MERCHANTABILITY or FITNESS FOR A PARTICULAR PURPOSE.

configure:2488: $? = 0
configure:2477: gcc -std=gnu99 -v >&5
Using built-in specs.
COLLECT_GCC=gcc
COLLECT_LTO_WRAPPER=/usr/lib/gcc/x86_64-linux-gnu/4.8/lto-wrapper
Target: x86_64-linux-gnu
Configured with: ../src/configure -v --with-pkgversion='Ubuntu 4.8.4-2ubuntu1~14.04.3' --with-bugurl=file:///usr/share/doc/gcc-4.8/README.Bugs --enable-languages=c,c++,java,go,d,fortran,objc,obj-c++ --prefix=/usr --program-suffix=-4.8 --enable-shared --enable-linker-build-id --libexecdir=/usr/lib --without-included-gettext --enable-threads=posix --with-gxx-include-dir=/usr/include/c++/4.8 --libdir=/usr/lib --enable-nls --with-sysroot=/ --enable-clocale=gnu --enable-libstdcxx-debug --enable-libstdcxx-time=yes --enable-gnu-unique-object --disable-libmudflap --enable-plugin --with-system-zlib --disable-browser-plugin --enable-java-awt=gtk --enable-gtk-cairo --with-java-home=/usr/lib/jvm/java-1.5.0-gcj-4.8-amd64/jre --enable-java-home --with-jvm-root-dir=/usr/lib/jvm/java-1.5.0-gcj-4.8-amd64 --with-jvm-jar-dir=/usr/lib/jvm-exports/java-1.5.0-gcj-4.8-amd64 --with-arch-directory=amd64 --with-ecj-jar=/usr/share/java/eclipse-ecj.jar --enable-objc-gc --enable-multiarch --disable-werror --with-arch-32=i686 --with-abi=m64 --with-multilib-list=m32,m64,mx32 --with-tune=generic --enable-checking=release --build=x86_64-linux-gnu --host=x86_64-linux-gnu --target=x86_64-linux-gnu
Thread model: posix
gcc version 4.8.4 (Ubuntu 4.8.4-2ubuntu1~14.04.3) 
configure:2488: $? = 0
configure:2477: gcc -std=gnu99 -V >&5
gcc: error: unrecognized command line option '-V'
gcc: fatal error: no input files
compilation terminated.
configure:2488: $? = 4
configure:2477: gcc -std=gnu99 -qversion >&5
gcc: error: unrecognized command line option '-qversion'
gcc: fatal error: no input files
compilation terminated.
configure:2488: $? = 4
configure:2508: checking whether the C compiler works
configure:2530: gcc -std=gnu99 -g -O2 -fstack-protector --param=ssp-buffer-size=4 -Wformat -Werror=format-security -D_FORTIFY_SOURCE=2 -g   conftest.c  >&5
configure:2534: $? = 0
configure:2582: result: yes
configure:2585: checking for C compiler default output file name
configure:2587: result: a.out
configure:2593: checking for suffix of executables
configure:2600: gcc -std=gnu99 -o conftest -g -O2 -fstack-protector --param=ssp-buffer-size=4 -Wformat -Werror=format-security -D_FORTIFY_SOURCE=2 -g   conftest.c  >&5
configure:2604: $? = 0
configure:2626: result: 
configure:2648: checking whether we are cross compiling
configure:2656: gcc -std=gnu99 -o conftest -g -O2 -fstack-protector --param=ssp-buffer-size=4 -Wformat -Werror=format-security -D_FORTIFY_SOURCE=2 -g   conftest.c  >&5
configure:2660: $? = 0
configure:2667: ./conftest
configure:2671: $? = 0
configure:2686: result: no
configure:2691: checking for suffix of object files
configure:2713: gcc -std=gnu99 -c -g -O2 -fstack-protector --param=ssp-buffer-size=4 -Wformat -Werror=format-security -D_FORTIFY_SOURCE=2 -g  conftest.c >&5
configure:2717: $? = 0
configure:2738: result: o
configure:2742: checking whether we are using the GNU C compiler
configure:2761: gcc -std=gnu99 -c -g -O2 -fstack-protector --param=ssp-buffer-size=4 -Wformat -Werror=format-security -D_FORTIFY_SOURCE=2 -g  conftest.c >&5
configure:2761: $? = 0
configure:2770: result: yes
configure:2779: checking whether gcc -std=gnu99 accepts -g
configure:2799: gcc -std=gnu99 -c -g  conftest.c >&5
configure:2799: $? = 0
configure:2840: result: yes
configure:2857: checking for gcc -std=gnu99 option to accept ISO C89
configure:2920: gcc -std=gnu99  -c -g -O2 -fstack-protector --param=ssp-buffer-size=4 -Wformat -Werror=format-security -D_FORTIFY_SOURCE=2 -g  conftest.c >&5
configure:2920: $? = 0
configure:2933: result: none needed
configure:3072: checking for C++ compiler version
configure:3081: g++ --version >&5
g++ (Ubuntu 4.8.4-2ubuntu1~14.04.3) 4.8.4
Copyright (C) 2013 Free Software Foundation, Inc.
This is free software; see the source for copying conditions.  There is NO
warranty; not even for MERCHANTABILITY or FITNESS FOR A PARTICULAR PURPOSE.

configure:3092: $? = 0
configure:3081: g++ -v >&5
Using built-in specs.
COLLECT_GCC=g++
COLLECT_LTO_WRAPPER=/usr/lib/gcc/x86_64-linux-gnu/4.8/lto-wrapper
Target: x86_64-linux-gnu
Configured with: ../src/configure -v --with-pkgversion='Ubuntu 4.8.4-2ubuntu1~14.04.3' --with-bugurl=file:///usr/share/doc/gcc-4.8/README.Bugs --enable-languages=c,c++,java,go,d,fortran,objc,obj-c++ --prefix=/usr --program-suffix=-4.8 --enable-shared --enable-linker-build-id --libexecdir=/usr/lib --without-included-gettext --enable-threads=posix --with-gxx-include-dir=/usr/include/c++/4.8 --libdir=/usr/lib --enable-nls --with-sysroot=/ --enable-clocale=gnu --enable-libstdcxx-debug --enable-libstdcxx-time=yes --enable-gnu-unique-object --disable-libmudflap --enable-plugin --with-system-zlib --disable-browser-plugin --enable-java-awt=gtk --enable-gtk-cairo --with-java-home=/usr/lib/jvm/java-1.5.0-gcj-4.8-amd64/jre --enable-java-home --with-jvm-root-dir=/usr/lib/jvm/java-1.5.0-gcj-4.8-amd64 --with-jvm-jar-dir=/usr/lib/jvm-exports/java-1.5.0-gcj-4.8-amd64 --with-arch-directory=amd64 --with-ecj-jar=/usr/share/java/eclipse-ecj.jar --enable-objc-gc --enable-multiarch --disable-werror --with-arch-32=i686 --with-abi=m64 --with-multilib-list=m32,m64,mx32 --with-tune=generic --enable-checking=release --build=x86_64-linux-gnu --host=x86_64-linux-gnu --target=x86_64-linux-gnu
Thread model: posix
gcc version 4.8.4 (Ubuntu 4.8.4-2ubuntu1~14.04.3) 
configure:3092: $? = 0
configure:3081: g++ -V >&5
g++: error: unrecognized command line option '-V'
g++: fatal error: no input files
compilation terminated.
configure:3092: $? = 4
configure:3081: g++ -qversion >&5
g++: error: unrecognized command line option '-qversion'
g++: fatal error: no input files
compilation terminated.
configure:3092: $? = 4
configure:3096: checking whether we are using the GNU C++ compiler
configure:3115: g++ -c -g -O2 -fstack-protector --param=ssp-buffer-size=4 -Wformat -Werror=format-security -D_FORTIFY_SOURCE=2 -g  conftest.cpp >&5
configure:3115: $? = 0
configure:3124: result: yes
configure:3133: checking whether g++ accepts -g
configure:3153: g++ -c -g  conftest.cpp >&5
configure:3153: $? = 0
configure:3194: result: yes
configure:3223: checking how to run the C++ preprocessor
configure:3250: g++ -E  conftest.cpp
configure:3250: $? = 0
configure:3264: g++ -E  conftest.cpp
conftest.cpp:9:28: fatal error: ac_nonexistent.h: No such file or directory
 #include <ac_nonexistent.h>
                            ^
compilation terminated.
configure:3264: $? = 1
configure: failed program was:
| /* confdefs.h */
| #define PACKAGE_NAME "FlashR"
| #define PACKAGE_TARNAME "flashr"
| #define PACKAGE_VERSION "@VERSION@"
| #define PACKAGE_STRING "FlashR @VERSION@"
| #define PACKAGE_BUGREPORT "zhengda1936@gmail.com"
| #define PACKAGE_URL ""
| /* end confdefs.h.  */
| #include <ac_nonexistent.h>
configure:3289: result: g++ -E
configure:3309: g++ -E  conftest.cpp
configure:3309: $? = 0
configure:3323: g++ -E  conftest.cpp
conftest.cpp:9:28: fatal error: ac_nonexistent.h: No such file or directory
 #include <ac_nonexistent.h>
                            ^
compilation terminated.
configure:3323: $? = 1
configure: failed program was:
| /* confdefs.h */
| #define PACKAGE_NAME "FlashR"
| #define PACKAGE_TARNAME "flashr"
| #define PACKAGE_VERSION "@VERSION@"
| #define PACKAGE_STRING "FlashR @VERSION@"
| #define PACKAGE_BUGREPORT "zhengda1936@gmail.com"
| #define PACKAGE_URL ""
| /* end confdefs.h.  */
| #include <ac_nonexistent.h>
configure:3355: checking if g++ supports C++0x features without additional flags
configure:3392: g++ -c -g -O2 -fstack-protector --param=ssp-buffer-size=4 -Wformat -Werror=format-security -D_FORTIFY_SOURCE=2 -g  conftest.cpp >&5
conftest.cpp:13:21: error: expected identifier before 'sizeof'
       static_assert(sizeof(int) <= sizeof(T), "not big enough");
                     ^
conftest.cpp:13:21: error: expected ',' or '...' before 'sizeof'
conftest.cpp:13:63: error: ISO C++ forbids declaration of 'static_assert' with no type [-fpermissive]
       static_assert(sizeof(int) <= sizeof(T), "not big enough");
                                                               ^
conftest.cpp:16:29: error: '>>' should be '> >' within a nested template argument list
     typedef check<check<bool>> right_angle_brackets;
                             ^
conftest.cpp:19:13: error: expected constructor, destructor, or type conversion before '(' token
     decltype(a) b;
             ^
conftest.cpp:23:15: error: expected unqualified-id before '&&' token
     check_type&& cr = static_cast<check_type&&>(c);
               ^
configure:3392: $? = 1
configure: failed program was:
| /* confdefs.h */
| #define PACKAGE_NAME "FlashR"
| #define PACKAGE_TARNAME "flashr"
| #define PACKAGE_VERSION "@VERSION@"
| #define PACKAGE_STRING "FlashR @VERSION@"
| #define PACKAGE_BUGREPORT "zhengda1936@gmail.com"
| #define PACKAGE_URL ""
| /* end confdefs.h.  */
| 
|   template <typename T>
|     struct check
|     {
|       static_assert(sizeof(int) <= sizeof(T), "not big enough");
|     };
| 
|     typedef check<check<bool>> right_angle_brackets;
| 
|     int a;
|     decltype(a) b;
| 
|     typedef check<int> check_type;
|     check_type c;
|     check_type&& cr = static_cast<check_type&&>(c);
| int
| main ()
| {
| 
|   ;
|   return 0;
| }
configure:3406: result: no
configure:3409: checking if g++ supports C++0x features with -std=c++0x
configure:3448: g++ -c -g -O2 -fstack-protector --param=ssp-buffer-size=4 -Wformat -Werror=format-security -D_FORTIFY_SOURCE=2 -g -std=c++0x  conftest.cpp >&5
configure:3448: $? = 0
configure:3463: result: yes
configure:3466: checking if g++ supports C++0x features with -std=gnu++0x
configure:3505: g++ -c -g -O2 -fstack-protector --param=ssp-buffer-size=4 -Wformat -Werror=format-security -D_FORTIFY_SOURCE=2 -g -std=gnu++0x  conftest.cpp >&5
configure:3505: $? = 0
configure:3520: result: yes
configure:3537: checking for log2
configure:3537: g++ -o conftest -g -O2 -fstack-protector --param=ssp-buffer-size=4 -Wformat -Werror=format-security -D_FORTIFY_SOURCE=2 -g   conftest.cpp  -lm >&5
configure:3537: $? = 0
configure:3537: result: yes
configure:3537: checking for round
configure:3537: g++ -o conftest -g -O2 -fstack-protector --param=ssp-buffer-size=4 -Wformat -Werror=format-security -D_FORTIFY_SOURCE=2 -g   conftest.cpp  -lm >&5
configure:3537: $? = 0
configure:3537: result: yes
configure:3548: checking for grep that handles long lines and -e
configure:3606: result: /bin/grep
configure:3611: checking for egrep
configure:3673: result: /bin/grep -E
configure:3678: checking for ANSI C header files
configure:3698: g++ -c -g -O2 -fstack-protector --param=ssp-buffer-size=4 -Wformat -Werror=format-security -D_FORTIFY_SOURCE=2 -g  conftest.cpp >&5
configure:3698: $? = 0
configure:3771: g++ -o conftest -g -O2 -fstack-protector --param=ssp-buffer-size=4 -Wformat -Werror=format-security -D_FORTIFY_SOURCE=2 -g   conftest.cpp  >&5
configure:3771: $? = 0
configure:3771: ./conftest
configure:3771: $? = 0
configure:3782: result: yes
configure:3795: checking for sys/types.h
configure:3795: g++ -c -g -O2 -fstack-protector --param=ssp-buffer-size=4 -Wformat -Werror=format-security -D_FORTIFY_SOURCE=2 -g  conftest.cpp >&5
configure:3795: $? = 0
configure:3795: result: yes
configure:3795: checking for sys/stat.h
configure:3795: g++ -c -g -O2 -fstack-protector --param=ssp-buffer-size=4 -Wformat -Werror=format-security -D_FORTIFY_SOURCE=2 -g  conftest.cpp >&5
configure:3795: $? = 0
configure:3795: result: yes
configure:3795: checking for stdlib.h
configure:3795: g++ -c -g -O2 -fstack-protector --param=ssp-buffer-size=4 -Wformat -Werror=format-security -D_FORTIFY_SOURCE=2 -g  conftest.cpp >&5
configure:3795: $? = 0
configure:3795: result: yes
configure:3795: checking for string.h
configure:3795: g++ -c -g -O2 -fstack-protector --param=ssp-buffer-size=4 -Wformat -Werror=format-security -D_FORTIFY_SOURCE=2 -g  conftest.cpp >&5
configure:3795: $? = 0
configure:3795: result: yes
configure:3795: checking for memory.h
configure:3795: g++ -c -g -O2 -fstack-protector --param=ssp-buffer-size=4 -Wformat -Werror=format-security -D_FORTIFY_SOURCE=2 -g  conftest.cpp >&5
configure:3795: $? = 0
configure:3795: result: yes
configure:3795: checking for strings.h
configure:3795: g++ -c -g -O2 -fstack-protector --param=ssp-buffer-size=4 -Wformat -Werror=format-security -D_FORTIFY_SOURCE=2 -g  conftest.cpp >&5
configure:3795: $? = 0
configure:3795: result: yes
configure:3795: checking for inttypes.h
configure:3795: g++ -c -g -O2 -fstack-protector --param=ssp-buffer-size=4 -Wformat -Werror=format-security -D_FORTIFY_SOURCE=2 -g  conftest.cpp >&5
configure:3795: $? = 0
configure:3795: result: yes
configure:3795: checking for stdint.h
configure:3795: g++ -c -g -O2 -fstack-protector --param=ssp-buffer-size=4 -Wformat -Werror=format-security -D_FORTIFY_SOURCE=2 -g  conftest.cpp >&5
configure:3795: $? = 0
configure:3795: result: yes
configure:3795: checking for unistd.h
configure:3795: g++ -c -g -O2 -fstack-protector --param=ssp-buffer-size=4 -Wformat -Werror=format-security -D_FORTIFY_SOURCE=2 -g  conftest.cpp >&5
configure:3795: $? = 0
configure:3795: result: yes
configure:3807: checking sys/times.h usability
configure:3807: g++ -c -g -O2 -fstack-protector --param=ssp-buffer-size=4 -Wformat -Werror=format-security -D_FORTIFY_SOURCE=2 -g  conftest.cpp >&5
configure:3807: $? = 0
configure:3807: result: yes
configure:3807: checking sys/times.h presence
configure:3807: g++ -E  conftest.cpp
configure:3807: $? = 0
configure:3807: result: yes
configure:3807: checking for sys/times.h
configure:3807: result: yes
configure:3816: checking boost/static_assert.hpp usability
configure:3816: g++ -c -g -O2 -fstack-protector --param=ssp-buffer-size=4 -Wformat -Werror=format-security -D_FORTIFY_SOURCE=2 -g  conftest.cpp >&5
configure:3816: $? = 0
configure:3816: result: yes
configure:3816: checking boost/static_assert.hpp presence
configure:3816: g++ -E  conftest.cpp
configure:3816: $? = 0
configure:3816: result: yes
configure:3816: checking for boost/static_assert.hpp
configure:3816: result: yes
configure:3824: checking boost/foreach.hpp usability
configure:3824: g++ -c -g -O2 -fstack-protector --param=ssp-buffer-size=4 -Wformat -Werror=format-security -D_FORTIFY_SOURCE=2 -g  conftest.cpp >&5
configure:3824: $? = 0
configure:3824: result: yes
configure:3824: checking boost/foreach.hpp presence
configure:3824: g++ -E  conftest.cpp
configure:3824: $? = 0
configure:3824: result: yes
configure:3824: checking for boost/foreach.hpp
configure:3824: result: yes
configure:3832: checking boost/format.hpp usability
configure:3832: g++ -c -g -O2 -fstack-protector --param=ssp-buffer-size=4 -Wformat -Werror=format-security -D_FORTIFY_SOURCE=2 -g  conftest.cpp >&5
configure:3832: $? = 0
configure:3832: result: yes
configure:3832: checking boost/format.hpp presence
configure:3832: g++ -E  conftest.cpp
configure:3832: $? = 0
configure:3832: result: yes
configure:3832: checking for boost/format.hpp
configure:3832: result: yes
configure:3840: checking boost/lexical_cast.hpp usability
configure:3840: g++ -c -g -O2 -fstack-protector --param=ssp-buffer-size=4 -Wformat -Werror=format-security -D_FORTIFY_SOURCE=2 -g  conftest.cpp >&5
configure:3840: $? = 0
configure:3840: result: yes
configure:3840: checking boost/lexical_cast.hpp presence
configure:3840: g++ -E  conftest.cpp
configure:3840: $? = 0
configure:3840: result: yes
configure:3840: checking for boost/lexical_cast.hpp
configure:3840: result: yes
configure:3848: checking boost/algorithm/string.hpp usability
configure:3848: g++ -c -g -O2 -fstack-protector --param=ssp-buffer-size=4 -Wformat -Werror=format-security -D_FORTIFY_SOURCE=2 -g  conftest.cpp >&5
configure:3848: $? = 0
configure:3848: result: yes
configure:3848: checking boost/algorithm/string.hpp presence
configure:3848: g++ -E  conftest.cpp
configure:3848: $? = 0
configure:3848: result: yes
configure:3848: checking for boost/algorithm/string.hpp
configure:3848: result: yes
configure:3857: checking hwloc.h usability
configure:3857: g++ -c -g -O2 -fstack-protector --param=ssp-buffer-size=4 -Wformat -Werror=format-security -D_FORTIFY_SOURCE=2 -g  conftest.cpp >&5
configure:3857: $? = 0
configure:3857: result: yes
configure:3857: checking hwloc.h presence
configure:3857: g++ -E  conftest.cpp
configure:3857: $? = 0
configure:3857: result: yes
configure:3857: checking for hwloc.h
configure:3857: result: yes
configure:3864: checking for hwloc_topology_load in -lhwloc
configure:3889: g++ -o conftest -g -O2 -fstack-protector --param=ssp-buffer-size=4 -Wformat -Werror=format-security -D_FORTIFY_SOURCE=2 -g   conftest.cpp -lhwloc   >&5
configure:3889: $? = 0
configure:3898: result: yes
configure:3906: checking pthread.h usability
configure:3906: g++ -c -g -O2 -fstack-protector --param=ssp-buffer-size=4 -Wformat -Werror=format-security -D_FORTIFY_SOURCE=2 -g  conftest.cpp >&5
configure:3906: $? = 0
configure:3906: result: yes
configure:3906: checking pthread.h presence
configure:3906: g++ -E  conftest.cpp
configure:3906: $? = 0
configure:3906: result: yes
configure:3906: checking for pthread.h
configure:3906: result: yes
configure:3914: checking for pthread_create in -lpthread
configure:3939: g++ -o conftest -g -O2 -fstack-protector --param=ssp-buffer-size=4 -Wformat -Werror=format-security -D_FORTIFY_SOURCE=2 -g   conftest.cpp -lpthread   >&5
configure:3939: $? = 0
configure:3948: result: yes
configure:3958: checking libaio.h usability
configure:3958: g++ -c -g -O2 -fstack-protector --param=ssp-buffer-size=4 -Wformat -Werror=format-security -D_FORTIFY_SOURCE=2 -g  conftest.cpp >&5
configure:3958: $? = 0
configure:3958: result: yes
configure:3958: checking libaio.h presence
configure:3958: g++ -E  conftest.cpp
configure:3958: $? = 0
configure:3958: result: yes
configure:3958: checking for libaio.h
configure:3958: result: yes
configure:3965: checking for io_submit in -laio
configure:3990: g++ -o conftest -g -O2 -fstack-protector --param=ssp-buffer-size=4 -Wformat -Werror=format-security -D_FORTIFY_SOURCE=2 -g   conftest.cpp -laio   >&5
configure:3990: $? = 0
configure:3999: result: yes
configure:4007: checking numa.h usability
configure:4007: g++ -c -g -O2 -fstack-protector --param=ssp-buffer-size=4 -Wformat -Werror=format-security -D_FORTIFY_SOURCE=2 -g  conftest.cpp >&5
configure:4007: $? = 0
configure:4007: result: yes
configure:4007: checking numa.h presence
configure:4007: g++ -E  conftest.cpp
configure:4007: $? = 0
configure:4007: result: yes
configure:4007: checking for numa.h
configure:4007: result: yes
configure:4014: checking for numa_alloc_local in -lnuma
configure:4039: g++ -o conftest -g -O2 -fstack-protector --param=ssp-buffer-size=4 -Wformat -Werror=format-security -D_FORTIFY_SOURCE=2 -g   conftest.cpp -lnuma   >&5
configure:4039: $? = 0
configure:4048: result: yes
configure:4178: creating ./config.status

## ---------------------- ##
## Running config.status. ##
## ---------------------- ##

This file was extended by FlashR config.status @VERSION@, which was
generated by GNU Autoconf 2.69.  Invocation command line was

  CONFIG_FILES    = 
  CONFIG_HEADERS  = 
  CONFIG_LINKS    = 
  CONFIG_COMMANDS = 
  $ ./config.status 

on awesomer

config.status:811: creating src/Makevars.tmp
config.status:1008: creating src/Makevars
config.status:811: creating src/config.h
config.status:981: src/config.h is unchanged

## ---------------- ##
## Cache variables. ##
## ---------------- ##

ac_cv_c_compiler_gnu=yes
ac_cv_cxx_compiler_gnu=yes
ac_cv_env_CCC_set=
ac_cv_env_CCC_value=
ac_cv_env_CC_set=
ac_cv_env_CC_value=
ac_cv_env_CFLAGS_set=
ac_cv_env_CFLAGS_value=
ac_cv_env_CPPFLAGS_set=
ac_cv_env_CPPFLAGS_value=
ac_cv_env_CXXCPP_set=
ac_cv_env_CXXCPP_value=
ac_cv_env_CXXFLAGS_set=
ac_cv_env_CXXFLAGS_value=
ac_cv_env_CXX_set=
ac_cv_env_CXX_value=
ac_cv_env_LDFLAGS_set=
ac_cv_env_LDFLAGS_value=
ac_cv_env_LIBS_set=
ac_cv_env_LIBS_value=
ac_cv_env_build_alias_set=
ac_cv_env_build_alias_value=
ac_cv_env_host_alias_set=
ac_cv_env_host_alias_value=
ac_cv_env_target_alias_set=
ac_cv_env_target_alias_value=
ac_cv_func_log2=yes
ac_cv_func_round=yes
ac_cv_header_boost_algorithm_string_hpp=yes
ac_cv_header_boost_foreach_hpp=yes
ac_cv_header_boost_format_hpp=yes
ac_cv_header_boost_lexical_cast_hpp=yes
ac_cv_header_boost_static_assert_hpp=yes
ac_cv_header_hwloc_h=yes
ac_cv_header_inttypes_h=yes
ac_cv_header_libaio_h=yes
ac_cv_header_memory_h=yes
ac_cv_header_numa_h=yes
ac_cv_header_pthread_h=yes
ac_cv_header_stdc=yes
ac_cv_header_stdint_h=yes
ac_cv_header_stdlib_h=yes
ac_cv_header_string_h=yes
ac_cv_header_strings_h=yes
ac_cv_header_sys_stat_h=yes
ac_cv_header_sys_times_h=yes
ac_cv_header_sys_types_h=yes
ac_cv_header_unistd_h=yes
ac_cv_lib_aio_io_submit=yes
ac_cv_lib_hwloc_hwloc_topology_load=yes
ac_cv_lib_numa_numa_alloc_local=yes
ac_cv_lib_pthread_pthread_create=yes
ac_cv_objext=o
ac_cv_path_EGREP='/bin/grep -E'
ac_cv_path_GREP=/bin/grep
ac_cv_prog_CXXCPP='g++ -E'
ac_cv_prog_ac_ct_CC='gcc -std=gnu99'
ac_cv_prog_cc_c89=
ac_cv_prog_cc_g=yes
ac_cv_prog_cxx_g=yes
ax_cv_cxx_compile_cxx0x_cxx=yes
ax_cv_cxx_compile_cxx0x_gxx=yes
ax_cv_cxx_compile_cxx0x_native=no

## ----------------- ##
## Output variables. ##
## ----------------- ##

AIO_DEF='-DUSE_LIBAIO'
AIO_LIB='-laio'
CC='gcc -std=gnu99'
CFLAGS='-g -O2 -fstack-protector --param=ssp-buffer-size=4 -Wformat -Werror=format-security -D_FORTIFY_SOURCE=2 -g'
CPPFLAGS=''
CXX='g++'
CXXCPP='g++ -E'
CXXFLAGS='-g -O2 -fstack-protector --param=ssp-buffer-size=4 -Wformat -Werror=format-security -D_FORTIFY_SOURCE=2 -g'
DEFS='-DHAVE_CONFIG_H'
ECHO_C=''
ECHO_N='-n'
ECHO_T=''
EGREP='/bin/grep -E'
EXEEXT=''
GREP='/bin/grep'
HWLOC_DEF='-DUSE_HWLOC'
HWLOC_LIB='-lhwloc'
LDFLAGS=''
LIBOBJS=''
LIBS=''
LTLIBOBJS=''
NUMA_DEF='-DUSE_NUMA'
NUMA_LIB='-lnuma'
OBJEXT='o'
PACKAGE_BUGREPORT='zhengda1936@gmail.com'
PACKAGE_NAME='FlashR'
PACKAGE_STRING='FlashR @VERSION@'
PACKAGE_TARNAME='flashr'
PACKAGE_URL=''
PACKAGE_VERSION='@VERSION@'
PATH_SEPARATOR=':'
PTHREAD_LIB='-lpthread'
SHELL='/bin/bash'
ac_ct_CC='gcc -std=gnu99'
ac_ct_CXX=''
bindir='${exec_prefix}/bin'
build_alias=''
datadir='${datarootdir}'
datarootdir='${prefix}/share'
docdir='${datarootdir}/doc/${PACKAGE_TARNAME}'
dvidir='${docdir}'
exec_prefix='${prefix}'
host_alias=''
htmldir='${docdir}'
includedir='${prefix}/include'
infodir='${datarootdir}/info'
libdir='${exec_prefix}/lib'
libexecdir='${exec_prefix}/libexec'
localedir='${datarootdir}/locale'
localstatedir='${prefix}/var'
mandir='${datarootdir}/man'
oldincludedir='/usr/include'
pdfdir='${docdir}'
prefix='/usr/local'
program_transform_name='s,x,x,'
psdir='${docdir}'
sbindir='${exec_prefix}/sbin'
sharedstatedir='${prefix}/com'
sysconfdir='${prefix}/etc'
target_alias=''

## ----------- ##
## confdefs.h. ##
## ----------- ##

/* confdefs.h */
#define PACKAGE_NAME "FlashR"
#define PACKAGE_TARNAME "flashr"
#define PACKAGE_VERSION "@VERSION@"
#define PACKAGE_STRING "FlashR @VERSION@"
#define PACKAGE_BUGREPORT "zhengda1936@gmail.com"
#define PACKAGE_URL ""
#define HAVE_STDCXX_0X /**/
#define HAVE_LOG2 1
#define HAVE_ROUND 1
#define STDC_HEADERS 1
#define HAVE_SYS_TYPES_H 1
#define HAVE_SYS_STAT_H 1
#define HAVE_STDLIB_H 1
#define HAVE_STRING_H 1
#define HAVE_MEMORY_H 1
#define HAVE_STRINGS_H 1
#define HAVE_INTTYPES_H 1
#define HAVE_STDINT_H 1
#define HAVE_UNISTD_H 1
#define HAVE_TIMES_H 1

configure: exit 0
